<?xml version="1.0" encoding="UTF-8"?>
<testsuite xmlns:xsi="http://www.w3.org/2001/XMLSchema-instance" xsi:noNamespaceSchemaLocation="https://maven.apache.org/surefire/maven-surefire-plugin/xsd/surefire-test-report.xsd" version="3.0.1" name="runner.TestMyRunner" time="0.879" tests="7" errors="0" skipped="0" failures="0">
  <properties>
[...]
</properties>
  <testcase name="Login with valid user name and password #1" classname="User Login" time="0.089">
    <system-out><![CDATA[
@all @login @validcredentials @smoke @regression @dev
Scenario Outline: Login with valid user name and password &amp#27;[90m# src/test/resources/feature/Login.feature:16&amp#27;[0m
++step3
>>one
  &amp#27;[32mGiven &amp#27;[0m&amp#27;[32mUser navigates to the login page&amp#27;[0m                  &amp#27;[90m# stepDefinition.TestLogin.user_navigates_to_the_login_page()&amp#27;[0m
>>Twoaditya@test.com
  &amp#27;[32mWhen &amp#27;[0m&amp#27;[32mEnter valid email address &amp#27;[0m&amp#27;[32m&amp#27;[1maditya@test.com&amp#27;[0m          &amp#27;[90m# stepDefinition.TestLogin.enter_valid_email_address_valid_email(java.lang.String)&amp#27;[0m
>>Three1234
  &amp#27;[32mAnd &amp#27;[0m&amp#27;[32mEnter Valid password &amp#27;[0m&amp#27;[32m&amp#27;[1m1234&amp#27;[0m                           &amp#27;[90m# stepDefinition.TestLogin.enter_valid_password_again(java.lang.String)&amp#27;[0m
>>Four
  &amp#27;[32mAnd &amp#27;[0m&amp#27;[32mHit login button&amp#27;[0m                                    &amp#27;[90m# stepDefinition.TestLogin.hit_login_button()&amp#27;[0m
>>Five
  &amp#27;[32mThen &amp#27;[0m&amp#27;[32mUser logged on to the home page&amp#27;[0m                    &amp#27;[90m# stepDefinition.TestLogin.user_logged_on_to_the_home_page()&amp#27;[0m
++TearDown001
++TearDown002
++TearDown003
]]></system-out>
  </testcase>
  <testcase name="Login with valid user name and password #2" classname="User Login" time="0.003">
    <system-out><![CDATA[
@all @login @validcredentials @smoke @regression @dev
Scenario Outline: Login with valid user name and password &amp#27;[90m# src/test/resources/feature/Login.feature:17&amp#27;[0m
++step3
>>one
  &amp#27;[32mGiven &amp#27;[0m&amp#27;[32mUser navigates to the login page&amp#27;[0m                  &amp#27;[90m# stepDefinition.TestLogin.user_navigates_to_the_login_page()&amp#27;[0m
>>Twomouli@test.com
  &amp#27;[32mWhen &amp#27;[0m&amp#27;[32mEnter valid email address &amp#27;[0m&amp#27;[32m&amp#27;[1mmouli@test.com&amp#27;[0m           &amp#27;[90m# stepDefinition.TestLogin.enter_valid_email_address_valid_email(java.lang.String)&amp#27;[0m
>>Three1234
  &amp#27;[32mAnd &amp#27;[0m&amp#27;[32mEnter Valid password &amp#27;[0m&amp#27;[32m&amp#27;[1m1234&amp#27;[0m                           &amp#27;[90m# stepDefinition.TestLogin.enter_valid_password_again(java.lang.String)&amp#27;[0m
>>Four
  &amp#27;[32mAnd &amp#27;[0m&amp#27;[32mHit login button&amp#27;[0m                                    &amp#27;[90m# stepDefinition.TestLogin.hit_login_button()&amp#27;[0m
>>Five
  &amp#27;[32mThen &amp#27;[0m&amp#27;[32mUser logged on to the home page&amp#27;[0m                    &amp#27;[90m# stepDefinition.TestLogin.user_logged_on_to_the_home_page()&amp#27;[0m
++TearDown001
++TearDown002
++TearDown003
]]></system-out>
  </testcase>
  <testcase name="Login with valid user name and password #3" classname="User Login" time="0.067">
    <system-out><![CDATA[
@all @login @validcredentials @smoke @regression @dev
Scenario Outline: Login with valid user name and password &amp#27;[90m# src/test/resources/feature/Login.feature:18&amp#27;[0m
++step3
>>one
  &amp#27;[32mGiven &amp#27;[0m&amp#27;[32mUser navigates to the login page&amp#27;[0m                  &amp#27;[90m# stepDefinition.TestLogin.user_navigates_to_the_login_page()&amp#27;[0m
>>Twoshiva@test.com
  &amp#27;[32mWhen &amp#27;[0m&amp#27;[32mEnter valid email address &amp#27;[0m&amp#27;[32m&amp#27;[1mshiva@test.com&amp#27;[0m           &amp#27;[90m# stepDefinition.TestLogin.enter_valid_email_address_valid_email(java.lang.String)&amp#27;[0m
>>Three1234
  &amp#27;[32mAnd &amp#27;[0m&amp#27;[32mEnter Valid password &amp#27;[0m&amp#27;[32m&amp#27;[1m1234&amp#27;[0m                           &amp#27;[90m# stepDefinition.TestLogin.enter_valid_password_again(java.lang.String)&amp#27;[0m
>>Four
  &amp#27;[32mAnd &amp#27;[0m&amp#27;[32mHit login button&amp#27;[0m                                    &amp#27;[90m# stepDefinition.TestLogin.hit_login_button()&amp#27;[0m
>>Five
  &amp#27;[32mThen &amp#27;[0m&amp#27;[32mUser logged on to the home page&amp#27;[0m                    &amp#27;[90m# stepDefinition.TestLogin.user_logged_on_to_the_home_page()&amp#27;[0m
++TearDown001
++TearDown002
++TearDown003
]]></system-out>
  </testcase>
  <testcase name="Login with valid user name and password #4" classname="User Login" time="0.001">
    <system-out><![CDATA[
@all @login @validcredentials @smoke @regression @dev
Scenario Outline: Login with valid user name and password &amp#27;[90m# src/test/resources/feature/Login.feature:19&amp#27;[0m
++step3
>>one
  &amp#27;[32mGiven &amp#27;[0m&amp#27;[32mUser navigates to the login page&amp#27;[0m                  &amp#27;[90m# stepDefinition.TestLogin.user_navigates_to_the_login_page()&amp#27;[0m
>>TwoAnji@test.com
  &amp#27;[32mWhen &amp#27;[0m&amp#27;[32mEnter valid email address &amp#27;[0m&amp#27;[32m&amp#27;[1mAnji@test.com&amp#27;[0m            &amp#27;[90m# stepDefinition.TestLogin.enter_valid_email_address_valid_email(java.lang.String)&amp#27;[0m
>>Three1234
  &amp#27;[32mAnd &amp#27;[0m&amp#27;[32mEnter Valid password &amp#27;[0m&amp#27;[32m&amp#27;[1m1234&amp#27;[0m                           &amp#27;[90m# stepDefinition.TestLogin.enter_valid_password_again(java.lang.String)&amp#27;[0m
>>Four
  &amp#27;[32mAnd &amp#27;[0m&amp#27;[32mHit login button&amp#27;[0m                                    &amp#27;[90m# stepDefinition.TestLogin.hit_login_button()&amp#27;[0m
>>Five
  &amp#27;[32mThen &amp#27;[0m&amp#27;[32mUser logged on to the home page&amp#27;[0m                    &amp#27;[90m# stepDefinition.TestLogin.user_logged_on_to_the_home_page()&amp#27;[0m
++TearDown001
++TearDown002
++TearDown003
]]></system-out>
  </testcase>
  <testcase name="Login with invalid user name and password" classname="User Login" time="0.002">
    <system-out><![CDATA[
@all @login @invalidcredentials @wip
Scenario: Login with invalid user name and password  &amp#27;[90m# src/test/resources/feature/Login.feature:22&amp#27;[0m
++step3
>>one
  &amp#27;[32mGiven &amp#27;[0m&amp#27;[32mUser navigates to the login page&amp#27;[0m             &amp#27;[90m# stepDefinition.TestLogin.user_navigates_to_the_login_page()&amp#27;[0m
>>Two"test999@gmail.com"
  &amp#27;[32mWhen &amp#27;[0m&amp#27;[32mEnter valid email address &amp#27;[0m&amp#27;[32m&amp#27;[1m"test999@gmail.com"&amp#27;[0m &amp#27;[90m# stepDefinition.TestLogin.enter_valid_email_address_valid_email(java.lang.String)&amp#27;[0m
>>Three"1234"
  &amp#27;[32mAnd &amp#27;[0m&amp#27;[32mEnter Valid password &amp#27;[0m&amp#27;[32m&amp#27;[1m"1234"&amp#27;[0m                    &amp#27;[90m# stepDefinition.TestLogin.enter_valid_password_again(java.lang.String)&amp#27;[0m
>>Four
  &amp#27;[32mAnd &amp#27;[0m&amp#27;[32mHit login button&amp#27;[0m                               &amp#27;[90m# stepDefinition.TestLogin.hit_login_button()&amp#27;[0m
>>Six
  &amp#27;[32mThen &amp#27;[0m&amp#27;[32mUser should be able to get a validation&amp#27;[0m       &amp#27;[90m# stepDefinition.TestLogin.user_should_be_able_to_get_a_validation()&amp#27;[0m
++TearDown001
++TearDown002
++TearDown003
]]></system-out>
  </testcase>
  <testcase name="Login with invalid user name and invalid password" classname="User Login" time="0.003">
    <system-out><![CDATA[
@all @login @regression @ignore
Scenario: Login with invalid user name and invalid password &amp#27;[90m# src/test/resources/feature/Login.feature:29&amp#27;[0m
++step3
>>one
  &amp#27;[32mGiven &amp#27;[0m&amp#27;[32mUser navigates to the login page&amp#27;[0m                    &amp#27;[90m# stepDefinition.TestLogin.user_navigates_to_the_login_page()&amp#27;[0m
>>Two"test999@gmail.com"
  &amp#27;[32mWhen &amp#27;[0m&amp#27;[32mEnter valid email address &amp#27;[0m&amp#27;[32m&amp#27;[1m"test999@gmail.com"&amp#27;[0m        &amp#27;[90m# stepDefinition.TestLogin.enter_valid_email_address_valid_email(java.lang.String)&amp#27;[0m
>>Three"123344"
  &amp#27;[32mAnd &amp#27;[0m&amp#27;[32mEnter Valid password &amp#27;[0m&amp#27;[32m&amp#27;[1m"123344"&amp#27;[0m                         &amp#27;[90m# stepDefinition.TestLogin.enter_valid_password_again(java.lang.String)&amp#27;[0m
>>Four
  &amp#27;[32mAnd &amp#27;[0m&amp#27;[32mHit login button&amp#27;[0m                                      &amp#27;[90m# stepDefinition.TestLogin.hit_login_button()&amp#27;[0m
>>Six
  &amp#27;[32mThen &amp#27;[0m&amp#27;[32mUser should be able to get a validation&amp#27;[0m              &amp#27;[90m# stepDefinition.TestLogin.user_should_be_able_to_get_a_validation()&amp#27;[0m
++TearDown001
++TearDown002
++TearDown003
]]></system-out>
  </testcase>
  <testcase name="Login with valid user name and invalid password" classname="User Login" time="0.002">
    <system-out><![CDATA[
@all @login @validcredentials @smoke
Scenario: Login with valid user name and invalid password &amp#27;[90m# src/test/resources/feature/Login.feature:36&amp#27;[0m
++step3
>>one
  &amp#27;[32mGiven &amp#27;[0m&amp#27;[32mUser navigates to the login page&amp#27;[0m                  &amp#27;[90m# stepDefinition.TestLogin.user_navigates_to_the_login_page()&amp#27;[0m
>>Two"test999@gmail.com"
  &amp#27;[32mWhen &amp#27;[0m&amp#27;[32mEnter valid email address &amp#27;[0m&amp#27;[32m&amp#27;[1m"test999@gmail.com"&amp#27;[0m      &amp#27;[90m# stepDefinition.TestLogin.enter_valid_email_address_valid_email(java.lang.String)&amp#27;[0m
>>Three"1239898984"
  &amp#27;[32mAnd &amp#27;[0m&amp#27;[32mEnter Valid password &amp#27;[0m&amp#27;[32m&amp#27;[1m"1239898984"&amp#27;[0m                   &amp#27;[90m# stepDefinition.TestLogin.enter_valid_password_again(java.lang.String)&amp#27;[0m
>>Four
  &amp#27;[32mAnd &amp#27;[0m&amp#27;[32mHit login button&amp#27;[0m                                    &amp#27;[90m# stepDefinition.TestLogin.hit_login_button()&amp#27;[0m
>>Six
  &amp#27;[32mThen &amp#27;[0m&amp#27;[32mUser should be able to get a validation&amp#27;[0m            &amp#27;[90m# stepDefinition.TestLogin.user_should_be_able_to_get_a_validation()&amp#27;[0m
++TearDown001
++TearDown002
++TearDown003
]]></system-out>
  </testcase>
</testsuite>